TN:
SF:/home/plusgut/Projects/plusnew-dnd/src/index.tsx
FN:24,factory
FN:27,(anonymous_1)
FN:29,(anonymous_2)
FN:31,(anonymous_3)
FN:32,(anonymous_4)
FN:36,(anonymous_5)
FN:39,(anonymous_6)
FNF:7
FNH:5
FNDA:2,factory
FNDA:0,(anonymous_1)
FNDA:4,(anonymous_2)
FNDA:4,(anonymous_3)
FNDA:4,(anonymous_4)
FNDA:0,(anonymous_5)
FNDA:4,(anonymous_6)
DA:1,1
DA:27,2
DA:29,2
DA:30,4
DA:32,4
DA:33,4
DA:36,0
DA:40,4
DA:52,1
LF:9
LH:8
BRDA:34,0,0,4
BRDA:34,0,1,2
BRF:2
BRH:2
end_of_record
TN:
SF:/home/plusgut/Projects/plusnew-dnd/src/test.ts
FN:3,componentPartial
FNF:1
FNH:1
FNDA:1,componentPartial
DA:3,1
DA:4,1
DA:5,1
LF:3
LH:3
BRF:0
BRH:0
end_of_record
